T1DAC 000:000.368   SEGGER J-Link V7.94g Log File
T1DAC 000:000.479   DLL Compiled: Jan 24 2024 15:48:08
T1DAC 000:000.486   Logging started @ 2024-08-18 06:32
T1DAC 000:000.493   Process: C:\Users\180018\.eclipse\com.renesas.platform_766387387\DebugComp\RA\e2-server-gdb.exe
T1DAC 000:000.500 - 0.499ms
T1DAC 000:000.512 JLINK_GetDLLVersion()
T1DAC 000:000.520 - 0.007ms returns 79407
T1DAC 000:001.267 JLINK_OpenEx(...)
T1DAC 000:006.794   Firmware: J-Link OB-RA4M2 compiled Jan 17 2024 14:57:14
T1DAC 000:008.347   Firmware: J-Link OB-RA4M2 compiled Jan 17 2024 14:57:14
T1DAC 000:024.796   Hardware: V1.00
T1DAC 000:024.855   S/N: 1086748865
T1DAC 000:024.878   OEM: SEGGER
T1DAC 000:024.900   Feature(s): None
T1DAC 000:026.335   Bootloader: 2021 May 14
T1DAC 000:027.372   USB speed mode: Full speed (12 MBit/s)
T1DAC 000:027.937   TELNET listener socket opened on port 19021
T1DAC 000:028.140   WEBSRV WEBSRV_Init(): Starting webserver thread(s)
T1DAC 000:028.298   WEBSRV Webserver running on local port 19080
T1DAC 000:028.394   Looking for J-Link GUI Server exe at: C:\Users\180018\.eclipse\com.renesas.platform_766387387\DebugComp\RA\ARM\Segger_v7.94.7\JLinkGUIServer.exe
T1DAC 000:028.543   Looking for J-Link GUI Server exe at: \JLinkGUIServer.exe
T1DAC 000:335.640   Failed to connect to J-Link GUI Server.
T1DAC 000:335.723 - 334.440ms returns "O.K."
T1DAC 000:335.894 JLINK_TIF_Select(JLINKARM_TIF_SWD)
T1DAC 000:337.699 - 1.805ms returns 0x00
T1DAC 000:337.748 JLINK_ClrRESET()
T1DAC 000:338.701 - 0.951ms
T1DAC 000:389.753 JLINK_SetSpeed(1500)
T1DAC 000:391.887 - 2.136ms
T1DAC 000:391.949 JLINK_CORESIGHT_Configure(PerformTIFInit=0)
T1DAC 000:395.028 - 3.088ms returns 0
T1DAC 000:395.083 JLINK_CORESIGHT_ReadAPDPReg(DP reg 0x00)
T1DAC 000:397.007   Value=0x6BA02477
T1DAC 000:397.035 - 1.951ms returns 0
T1DAC 000:397.051 JLINK_CORESIGHT_WriteAPDPReg(DP reg 0x00, 0x0000001F)
T1DAC 000:397.483 - 0.431ms returns 0
T1DAC 000:397.511 JLINK_CORESIGHT_ReadAPDPReg(DP reg 0x00)
T1DAC 000:397.894   Value=0x6BA02477
T1DAC 000:397.923 - 0.411ms returns 0
T1DAC 000:397.941 JLINK_CORESIGHT_WriteAPDPReg(DP reg 0x02, 0x00000000)
T1DAC 000:398.246 - 0.304ms returns 0
T1DAC 000:398.275 JLINK_CORESIGHT_WriteAPDPReg(DP reg 0x01, 0x50000000)
T1DAC 000:398.698 - 0.423ms returns 0
T1DAC 000:398.726 JLINK_CORESIGHT_ReadAPDPReg(DP reg 0x01)
T1DAC 000:399.051   Value=0xF0000040
T1DAC 000:399.078 - 0.352ms returns 0
T1DAC 000:399.095 JLINK_CORESIGHT_WriteAPDPReg(DP reg 0x00, 0x0000001F)
T1DAC 000:399.558 - 0.463ms returns 0
T1DAC 000:399.586 JLINK_CORESIGHT_ReadAPDPReg(DP reg 0x00)
T1DAC 000:399.850   Value=0x6BA02477
T1DAC 000:399.877 - 0.290ms returns 0
T1DAC 000:399.893 JLINK_CORESIGHT_WriteAPDPReg(DP reg 0x01, 0x54000000)
T1DAC 000:400.171 - 0.277ms returns 0
T1DAC 000:400.199 JLINK_CORESIGHT_WriteAPDPReg(DP reg 0x01, 0x50000F00)
T1DAC 000:400.563 - 0.363ms returns 0
T1DAC 000:400.591 JLINK_CORESIGHT_WriteAPDPReg(DP reg 0x02, 0x01000000)
T1DAC 000:400.877 - 0.286ms returns 0
T1DAC 000:400.896 JLINK_CORESIGHT_WriteAPDPReg(AP reg 0x00, 0x80000002)
T1DAC 000:401.148 - 0.251ms returns 0
T1DAC 000:401.168 JLINK_CORESIGHT_WriteAPDPReg(AP reg 0x01, 0x80011100)
T1DAC 000:401.538 - 0.370ms returns 0
T1DAC 000:401.558 JLINK_CORESIGHT_WriteAPDPReg(AP reg 0x03, 0x000000A5)
T1DAC 000:401.774 - 0.215ms returns 0
T1DAC 000:401.792 JLINK_CORESIGHT_WriteAPDPReg(AP reg 0x00, 0x80000002)
T1DAC 000:401.987 - 0.194ms returns 0
T1DAC 000:402.005 JLINK_CORESIGHT_WriteAPDPReg(AP reg 0x01, 0x80011100)
T1DAC 000:402.272 - 0.267ms returns 0
T1DAC 000:402.284 JLINK_CORESIGHT_ReadAPDPReg(AP reg 0x03)
T1DAC 000:402.542   Value=0x000000A5
T1DAC 000:402.554 - 0.270ms returns 0
T1DAC 000:402.570 JLINK_ClrTMS()
T1DAC 000:402.648 - 0.078ms
T1DAC 000:407.995 JLINK_SetTCK()
T1DAC 000:408.145 - 0.149ms returns 0
T1DAC 000:413.468 JLINK_SetRESET()
T1DAC 000:413.652 - 0.183ms
T1DAC 000:613.895 JLINK_CORESIGHT_WriteAPDPReg(AP reg 0x00, 0x80000002)
T1DAC 000:614.210 - 0.315ms returns 0
T1DAC 000:614.225 JLINK_CORESIGHT_WriteAPDPReg(AP reg 0x01, 0x80011100)
T1DAC 000:614.673 - 0.447ms returns 0
T1DAC 000:614.702 JLINK_CORESIGHT_ReadAPDPReg(AP reg 0x03)
T1DAC 000:615.025   Value=0x00000000
T1DAC 000:615.041 - 0.339ms returns 0
T1DAC 000:615.055 JLINK_CORESIGHT_WriteAPDPReg(AP reg 0x00, 0x80000002)
T1DAC 000:615.375 - 0.320ms returns 0
T1DAC 000:615.388 JLINK_CORESIGHT_WriteAPDPReg(AP reg 0x01, 0x80011140)
T1DAC 000:615.690 - 0.301ms returns 0
T1DAC 000:615.710 JLINK_CORESIGHT_ReadAPDPReg(AP reg 0x03)
T1DAC 000:616.038   Value=0x00000002
T1DAC 000:616.056 - 0.345ms returns 0
T1DAC 000:616.065 JLINK_CORESIGHT_WriteAPDPReg(AP reg 0x00, 0x80000002)
T1DAC 000:616.294 - 0.228ms returns 0
T1DAC 000:616.307 JLINK_CORESIGHT_WriteAPDPReg(AP reg 0x01, 0x80011120)
T1DAC 000:616.688 - 0.380ms returns 0
T1DAC 000:616.702 JLINK_CORESIGHT_WriteAPDPReg(AP reg 0x03, 0x00000055)
T1DAC 000:616.913 - 0.210ms returns 0
T1DAC 000:616.923 JLINK_CORESIGHT_WriteAPDPReg(AP reg 0x00, 0x80000002)
T1DAC 000:617.183 - 0.259ms returns 0
T1DAC 000:617.193 JLINK_CORESIGHT_WriteAPDPReg(AP reg 0x01, 0x80011140)
T1DAC 000:617.518 - 0.324ms returns 0
T1DAC 000:617.530 JLINK_CORESIGHT_ReadAPDPReg(AP reg 0x03)
T1DAC 000:617.840   Value=0x00000000
T1DAC 000:617.856 - 0.325ms returns 0
T1DAC 000:617.867 JLINK_CORESIGHT_WriteAPDPReg(AP reg 0x00, 0x80000002)
T1DAC 000:618.188 - 0.321ms returns 0
T1DAC 000:618.202 JLINK_CORESIGHT_WriteAPDPReg(AP reg 0x01, 0x80011130)
T1DAC 000:618.538 - 0.336ms returns 0
T1DAC 000:618.553 JLINK_CORESIGHT_ReadAPDPReg(AP reg 0x03)
T1DAC 000:618.843   Value=0x000000C6
T1DAC 000:618.859 - 0.306ms returns 0
T1DAC 000:618.873 JLINK_CORESIGHT_WriteAPDPReg(AP reg 0x00, 0x80000002)
T1DAC 000:619.118 - 0.245ms returns 0
T1DAC 000:619.130 JLINK_CORESIGHT_WriteAPDPReg(AP reg 0x01, 0x80011140)
T1DAC 000:619.559 - 0.427ms returns 0
T1DAC 000:619.591 JLINK_CORESIGHT_ReadAPDPReg(AP reg 0x03)
T1DAC 000:619.900   Value=0x00000002
T1DAC 000:619.918 - 0.328ms returns 0
T1DAC 000:619.929 JLINK_CORESIGHT_WriteAPDPReg(AP reg 0x00, 0x80000002)
T1DAC 000:620.207 - 0.277ms returns 0
T1DAC 000:620.224 JLINK_CORESIGHT_WriteAPDPReg(AP reg 0x01, 0x80011120)
T1DAC 000:620.510 - 0.286ms returns 0
T1DAC 000:620.523 JLINK_CORESIGHT_WriteAPDPReg(AP reg 0x03, 0x3A010001)
T1DAC 000:620.754 - 0.230ms returns 0
T1DAC 000:620.772 JLINK_CORESIGHT_WriteAPDPReg(AP reg 0x00, 0x80000002)
T1DAC 000:620.980 - 0.207ms returns 0
T1DAC 000:620.993 JLINK_CORESIGHT_WriteAPDPReg(AP reg 0x01, 0x80011140)
T1DAC 000:621.202 - 0.208ms returns 0
T1DAC 000:621.217 JLINK_CORESIGHT_ReadAPDPReg(AP reg 0x03)
T1DAC 000:621.510   Value=0x00000002
T1DAC 000:621.526 - 0.308ms returns 0
T1DAC 000:621.536 JLINK_CORESIGHT_WriteAPDPReg(AP reg 0x00, 0x80000002)
T1DAC 000:621.747 - 0.211ms returns 0
T1DAC 000:621.759 JLINK_CORESIGHT_WriteAPDPReg(AP reg 0x01, 0x80011120)
T1DAC 000:621.971 - 0.212ms returns 0
T1DAC 000:621.990 JLINK_CORESIGHT_WriteAPDPReg(AP reg 0x03, 0x000003C5)
T1DAC 000:622.251 - 0.260ms returns 0
T1DAC 000:622.263 JLINK_CORESIGHT_WriteAPDPReg(AP reg 0x00, 0x80000002)
T1DAC 000:622.640 - 0.377ms returns 0
T1DAC 000:622.657 JLINK_CORESIGHT_WriteAPDPReg(AP reg 0x01, 0x80011140)
T1DAC 000:622.938 - 0.281ms returns 0
T1DAC 000:622.951 JLINK_CORESIGHT_ReadAPDPReg(AP reg 0x03)
T1DAC 000:623.204   Value=0x00000002
T1DAC 000:623.225 - 0.274ms returns 0
T1DAC 000:623.233 JLINK_CORESIGHT_ReadAPDPReg(AP reg 0x03)
T1DAC 000:623.664   Value=0x00000002
T1DAC 000:623.681 - 0.447ms returns 0
T1DAC 000:623.690 JLINK_CORESIGHT_ReadAPDPReg(AP reg 0x03)
T1DAC 000:623.954   Value=0x00000002
T1DAC 000:623.968 - 0.278ms returns 0
T1DAC 000:623.977 JLINK_CORESIGHT_ReadAPDPReg(AP reg 0x03)
T1DAC 000:624.286   Value=0x00000002
T1DAC 000:624.303 - 0.326ms returns 0
T1DAC 000:624.312 JLINK_CORESIGHT_ReadAPDPReg(AP reg 0x03)
T1DAC 000:624.687   Value=0x00000002
T1DAC 000:624.702 - 0.390ms returns 0
T1DAC 000:624.711 JLINK_CORESIGHT_ReadAPDPReg(AP reg 0x03)
T1DAC 000:625.040   Value=0x00000002
T1DAC 000:625.056 - 0.345ms returns 0
T1DAC 000:625.065 JLINK_CORESIGHT_ReadAPDPReg(AP reg 0x03)
T1DAC 000:625.331   Value=0x00000000
T1DAC 000:625.347 - 0.281ms returns 0
T1DAC 000:625.355 JLINK_CORESIGHT_WriteAPDPReg(AP reg 0x00, 0x80000002)
T1DAC 000:625.689 - 0.333ms returns 0
T1DAC 000:625.698 JLINK_CORESIGHT_WriteAPDPReg(AP reg 0x01, 0x80011130)
T1DAC 000:625.908 - 0.210ms returns 0
T1DAC 000:625.917 JLINK_CORESIGHT_ReadAPDPReg(AP reg 0x03)
T1DAC 000:626.202   Value=0x3A2A0081
T1DAC 000:626.213 - 0.295ms returns 0
T1DAC 000:626.221 JLINK_CORESIGHT_WriteAPDPReg(AP reg 0x00, 0x80000002)
T1DAC 000:626.636 - 0.414ms returns 0
T1DAC 000:626.654 JLINK_CORESIGHT_WriteAPDPReg(AP reg 0x01, 0x80011140)
T1DAC 000:626.905 - 0.250ms returns 0
T1DAC 000:626.914 JLINK_CORESIGHT_ReadAPDPReg(AP reg 0x03)
T1DAC 000:627.241   Value=0x00000000
T1DAC 000:627.251 - 0.337ms returns 0
T1DAC 000:627.259 JLINK_CORESIGHT_WriteAPDPReg(AP reg 0x00, 0x80000002)
T1DAC 000:627.497 - 0.238ms returns 0
T1DAC 000:627.506 JLINK_CORESIGHT_WriteAPDPReg(AP reg 0x01, 0x80011130)
T1DAC 000:627.724 - 0.217ms returns 0
T1DAC 000:627.733 JLINK_CORESIGHT_ReadAPDPReg(AP reg 0x03)
T1DAC 000:628.005   Value=0x808D5B00
T1DAC 000:628.015 - 0.282ms returns 0
T1DAC 000:628.023 JLINK_CORESIGHT_WriteAPDPReg(AP reg 0x00, 0x80000002)
T1DAC 000:628.289 - 0.266ms returns 0
T1DAC 000:628.298 JLINK_CORESIGHT_WriteAPDPReg(AP reg 0x01, 0x80011140)
T1DAC 000:628.601 - 0.302ms returns 0
T1DAC 000:628.609 JLINK_CORESIGHT_ReadAPDPReg(AP reg 0x03)
T1DAC 000:628.889   Value=0x00000000
T1DAC 000:628.899 - 0.289ms returns 0
T1DAC 000:628.907 JLINK_CORESIGHT_WriteAPDPReg(AP reg 0x00, 0x80000002)
T1DAC 000:629.140 - 0.232ms returns 0
T1DAC 000:629.148 JLINK_CORESIGHT_WriteAPDPReg(AP reg 0x01, 0x80011130)
T1DAC 000:629.345 - 0.196ms returns 0
T1DAC 000:629.354 JLINK_CORESIGHT_ReadAPDPReg(AP reg 0x03)
T1DAC 000:629.710   Value=0x0603030B
T1DAC 000:629.720 - 0.366ms returns 0
T1DAC 000:629.728 JLINK_CORESIGHT_WriteAPDPReg(AP reg 0x00, 0x80000002)
T1DAC 000:629.995 - 0.266ms returns 0
T1DAC 000:630.003 JLINK_CORESIGHT_WriteAPDPReg(AP reg 0x01, 0x80011140)
T1DAC 000:630.197 - 0.194ms returns 0
T1DAC 000:630.206 JLINK_CORESIGHT_ReadAPDPReg(AP reg 0x03)
T1DAC 000:630.494   Value=0x00000000
T1DAC 000:630.505 - 0.299ms returns 0
T1DAC 000:630.513 JLINK_CORESIGHT_WriteAPDPReg(AP reg 0x00, 0x80000002)
T1DAC 000:630.818 - 0.305ms returns 0
T1DAC 000:630.827 JLINK_CORESIGHT_WriteAPDPReg(AP reg 0x01, 0x80011130)
T1DAC 000:631.121 - 0.294ms returns 0
T1DAC 000:631.130 JLINK_CORESIGHT_ReadAPDPReg(AP reg 0x03)
T1DAC 000:631.506   Value=0x2E4B4E20
T1DAC 000:631.516 - 0.386ms returns 0
T1DAC 000:631.524 JLINK_CORESIGHT_WriteAPDPReg(AP reg 0x00, 0x80000002)
T1DAC 000:631.725 - 0.201ms returns 0
T1DAC 000:631.734 JLINK_CORESIGHT_WriteAPDPReg(AP reg 0x01, 0x80011140)
T1DAC 000:631.995 - 0.261ms returns 0
T1DAC 000:632.004 JLINK_CORESIGHT_ReadAPDPReg(AP reg 0x03)
T1DAC 000:632.281   Value=0x00000000
T1DAC 000:632.291 - 0.287ms returns 0
T1DAC 000:632.299 JLINK_CORESIGHT_WriteAPDPReg(AP reg 0x00, 0x80000002)
T1DAC 000:632.617 - 0.317ms returns 0
T1DAC 000:632.627 JLINK_CORESIGHT_WriteAPDPReg(AP reg 0x01, 0x80011130)
T1DAC 000:632.859 - 0.231ms returns 0
T1DAC 000:632.868 JLINK_CORESIGHT_ReadAPDPReg(AP reg 0x03)
T1DAC 000:633.143   Value=0x4E742692
T1DAC 000:633.153 - 0.284ms returns 0
T1DAC 000:633.163 JLINK_CORESIGHT_WriteAPDPReg(AP reg 0x00, 0x80000002)
T1DAC 000:633.517 - 0.354ms returns 0
T1DAC 000:633.528 JLINK_CORESIGHT_WriteAPDPReg(AP reg 0x01, 0x80011140)
T1DAC 000:633.788 - 0.260ms returns 0
T1DAC 000:633.798 JLINK_CORESIGHT_ReadAPDPReg(AP reg 0x03)
T1DAC 000:634.042   Value=0x00000000
T1DAC 000:634.052 - 0.254ms returns 0
T1DAC 000:634.061 JLINK_CORESIGHT_WriteAPDPReg(AP reg 0x00, 0x80000002)
T1DAC 000:634.263 - 0.201ms returns 0
T1DAC 000:634.273 JLINK_CORESIGHT_WriteAPDPReg(AP reg 0x01, 0x80011130)
T1DAC 000:634.644 - 0.370ms returns 0
T1DAC 000:634.654 JLINK_CORESIGHT_ReadAPDPReg(AP reg 0x03)
T1DAC 000:634.906   Value=0x34503036
T1DAC 000:634.916 - 0.262ms returns 0
T1DAC 000:634.924 JLINK_CORESIGHT_WriteAPDPReg(AP reg 0x00, 0x80000002)
T1DAC 000:635.190 - 0.265ms returns 0
T1DAC 000:635.201 JLINK_CORESIGHT_WriteAPDPReg(AP reg 0x01, 0x80011140)
T1DAC 000:635.518 - 0.317ms returns 0
T1DAC 000:635.529 JLINK_CORESIGHT_ReadAPDPReg(AP reg 0x03)
T1DAC 000:635.869   Value=0x00000000
T1DAC 000:635.879 - 0.350ms returns 0
T1DAC 000:635.889 JLINK_CORESIGHT_WriteAPDPReg(AP reg 0x00, 0x80000002)
T1DAC 000:636.134 - 0.244ms returns 0
T1DAC 000:636.143 JLINK_CORESIGHT_WriteAPDPReg(AP reg 0x01, 0x80011130)
T1DAC 000:636.515 - 0.371ms returns 0
T1DAC 000:636.526 JLINK_CORESIGHT_ReadAPDPReg(AP reg 0x03)
T1DAC 000:636.815   Value=0x70142D36
T1DAC 000:636.825 - 0.299ms returns 0
T1DAC 000:636.834 JLINK_CORESIGHT_WriteAPDPReg(AP reg 0x00, 0x80000002)
T1DAC 000:637.037 - 0.203ms returns 0
T1DAC 000:637.047 JLINK_CORESIGHT_WriteAPDPReg(AP reg 0x01, 0x80011140)
T1DAC 000:637.311 - 0.264ms returns 0
T1DAC 000:637.320 JLINK_CORESIGHT_ReadAPDPReg(AP reg 0x03)
T1DAC 000:637.713   Value=0x00000000
T1DAC 000:637.723 - 0.402ms returns 0
T1DAC 000:637.733 JLINK_CORESIGHT_WriteAPDPReg(AP reg 0x00, 0x80000002)
T1DAC 000:637.934 - 0.200ms returns 0
T1DAC 000:637.943 JLINK_CORESIGHT_WriteAPDPReg(AP reg 0x01, 0x80011130)
T1DAC 000:638.199 - 0.255ms returns 0
T1DAC 000:638.208 JLINK_CORESIGHT_ReadAPDPReg(AP reg 0x03)
T1DAC 000:638.519   Value=0x46375295
T1DAC 000:638.529 - 0.321ms returns 0
T1DAC 000:638.539 JLINK_CORESIGHT_WriteAPDPReg(AP reg 0x00, 0x80000002)
T1DAC 000:638.768 - 0.228ms returns 0
T1DAC 000:638.777 JLINK_CORESIGHT_WriteAPDPReg(AP reg 0x01, 0x80011140)
T1DAC 000:639.040 - 0.262ms returns 0
T1DAC 000:639.049 JLINK_CORESIGHT_ReadAPDPReg(AP reg 0x03)
T1DAC 000:639.335   Value=0x00000000
T1DAC 000:639.345 - 0.295ms returns 0
T1DAC 000:639.355 JLINK_CORESIGHT_WriteAPDPReg(AP reg 0x00, 0x80000002)
T1DAC 000:639.685 - 0.329ms returns 0
T1DAC 000:639.696 JLINK_CORESIGHT_WriteAPDPReg(AP reg 0x01, 0x80011130)
T1DAC 000:639.941 - 0.245ms returns 0
T1DAC 000:639.950 JLINK_CORESIGHT_ReadAPDPReg(AP reg 0x03)
T1DAC 000:640.224   Value=0x314D3841
T1DAC 000:640.234 - 0.283ms returns 0
T1DAC 000:640.244 JLINK_CORESIGHT_WriteAPDPReg(AP reg 0x00, 0x80000002)
T1DAC 000:640.521 - 0.277ms returns 0
T1DAC 000:640.530 JLINK_CORESIGHT_WriteAPDPReg(AP reg 0x01, 0x80011140)
T1DAC 000:640.850 - 0.319ms returns 0
T1DAC 000:640.861 JLINK_CORESIGHT_ReadAPDPReg(AP reg 0x03)
T1DAC 000:641.165   Value=0x00000000
T1DAC 000:641.175 - 0.314ms returns 0
T1DAC 000:641.185 JLINK_CORESIGHT_WriteAPDPReg(AP reg 0x00, 0x80000002)
T1DAC 000:641.639 - 0.454ms returns 0
T1DAC 000:641.662 JLINK_CORESIGHT_WriteAPDPReg(AP reg 0x01, 0x80011130)
T1DAC 000:641.885 - 0.222ms returns 0
T1DAC 000:641.900 JLINK_CORESIGHT_ReadAPDPReg(AP reg 0x03)
T1DAC 000:642.231   Value=0x43454841
T1DAC 000:642.248 - 0.347ms returns 0
T1DAC 000:642.258 JLINK_CORESIGHT_WriteAPDPReg(AP reg 0x00, 0x80000002)
T1DAC 000:642.522 - 0.263ms returns 0
T1DAC 000:642.532 JLINK_CORESIGHT_WriteAPDPReg(AP reg 0x01, 0x80011140)
T1DAC 000:642.802 - 0.270ms returns 0
T1DAC 000:642.812 JLINK_CORESIGHT_ReadAPDPReg(AP reg 0x03)
T1DAC 000:643.081   Value=0x00000000
T1DAC 000:643.092 - 0.279ms returns 0
T1DAC 000:643.102 JLINK_CORESIGHT_WriteAPDPReg(AP reg 0x00, 0x80000002)
T1DAC 000:643.327 - 0.225ms returns 0
T1DAC 000:643.337 JLINK_CORESIGHT_WriteAPDPReg(AP reg 0x01, 0x80011130)
T1DAC 000:643.684 - 0.347ms returns 0
T1DAC 000:643.695 JLINK_CORESIGHT_ReadAPDPReg(AP reg 0x03)
T1DAC 000:643.940   Value=0x20204442
T1DAC 000:643.950 - 0.255ms returns 0
T1DAC 000:643.959 JLINK_CORESIGHT_WriteAPDPReg(AP reg 0x00, 0x80000002)
T1DAC 000:644.159 - 0.200ms returns 0
T1DAC 000:644.168 JLINK_CORESIGHT_WriteAPDPReg(AP reg 0x01, 0x80011140)
T1DAC 000:644.516 - 0.347ms returns 0
T1DAC 000:644.538 JLINK_CORESIGHT_ReadAPDPReg(AP reg 0x03)
T1DAC 000:644.848   Value=0x00000000
T1DAC 000:644.858 - 0.320ms returns 0
T1DAC 000:644.868 JLINK_CORESIGHT_WriteAPDPReg(AP reg 0x00, 0x80000002)
T1DAC 000:645.078 - 0.209ms returns 0
T1DAC 000:645.087 JLINK_CORESIGHT_WriteAPDPReg(AP reg 0x01, 0x80011130)
T1DAC 000:645.516 - 0.428ms returns 0
T1DAC 000:645.529 JLINK_CORESIGHT_ReadAPDPReg(AP reg 0x03)
T1DAC 000:645.895   Value=0x00039920
T1DAC 000:645.905 - 0.375ms returns 0
T1DAC 000:646.299 JLINK_CORESIGHT_WriteAPDPReg(AP reg 0x00, 0x80000002)
T1DAC 000:646.685 - 0.386ms returns 0
T1DAC 000:646.694 JLINK_CORESIGHT_WriteAPDPReg(AP reg 0x01, 0x80011140)
T1DAC 000:646.940 - 0.245ms returns 0
T1DAC 000:646.948 JLINK_CORESIGHT_ReadAPDPReg(AP reg 0x03)
T1DAC 000:647.290   Value=0x00000002
T1DAC 000:647.300 - 0.351ms returns 0
T1DAC 000:647.308 JLINK_CORESIGHT_WriteAPDPReg(AP reg 0x00, 0x80000002)
T1DAC 000:647.622 - 0.314ms returns 0
T1DAC 000:647.631 JLINK_CORESIGHT_WriteAPDPReg(AP reg 0x01, 0x80011120)
T1DAC 000:647.870 - 0.239ms returns 0
T1DAC 000:647.879 JLINK_CORESIGHT_WriteAPDPReg(AP reg 0x03, 0x2C010001)
T1DAC 000:648.187 - 0.308ms returns 0
T1DAC 000:648.195 JLINK_CORESIGHT_WriteAPDPReg(AP reg 0x00, 0x80000002)
T1DAC 000:648.517 - 0.321ms returns 0
T1DAC 000:648.525 JLINK_CORESIGHT_WriteAPDPReg(AP reg 0x01, 0x80011140)
T1DAC 000:648.789 - 0.263ms returns 0
T1DAC 000:648.798 JLINK_CORESIGHT_ReadAPDPReg(AP reg 0x03)
T1DAC 000:649.042   Value=0x00000002
T1DAC 000:649.053 - 0.255ms returns 0
T1DAC 000:649.061 JLINK_CORESIGHT_WriteAPDPReg(AP reg 0x00, 0x80000002)
T1DAC 000:649.262 - 0.201ms returns 0
T1DAC 000:649.271 JLINK_CORESIGHT_WriteAPDPReg(AP reg 0x01, 0x80011120)
T1DAC 000:649.642 - 0.370ms returns 0
T1DAC 000:649.650 JLINK_CORESIGHT_WriteAPDPReg(AP reg 0x03, 0x000003D3)
T1DAC 000:649.859 - 0.208ms returns 0
T1DAC 000:649.867 JLINK_CORESIGHT_WriteAPDPReg(AP reg 0x00, 0x80000002)
T1DAC 000:650.131 - 0.263ms returns 0
T1DAC 000:650.140 JLINK_CORESIGHT_WriteAPDPReg(AP reg 0x01, 0x80011140)
T1DAC 000:650.371 - 0.231ms returns 0
T1DAC 000:650.380 JLINK_CORESIGHT_ReadAPDPReg(AP reg 0x03)
T1DAC 000:650.735   Value=0x00000002
T1DAC 000:650.745 - 0.365ms returns 0
T1DAC 000:650.752 JLINK_CORESIGHT_ReadAPDPReg(AP reg 0x03)
T1DAC 000:651.006   Value=0x00000002
T1DAC 000:651.016 - 0.263ms returns 0
T1DAC 000:651.024 JLINK_CORESIGHT_ReadAPDPReg(AP reg 0x03)
T1DAC 000:651.334   Value=0x00000002
T1DAC 000:651.345 - 0.321ms returns 0
T1DAC 000:651.353 JLINK_CORESIGHT_ReadAPDPReg(AP reg 0x03)
T1DAC 000:651.735   Value=0x00000002
T1DAC 000:651.745 - 0.392ms returns 0
T1DAC 000:651.753 JLINK_CORESIGHT_ReadAPDPReg(AP reg 0x03)
T1DAC 000:652.030   Value=0x00000002
T1DAC 000:652.041 - 0.287ms returns 0
T1DAC 000:652.048 JLINK_CORESIGHT_ReadAPDPReg(AP reg 0x03)
T1DAC 000:652.292   Value=0x00000002
T1DAC 000:652.302 - 0.254ms returns 0
T1DAC 000:652.310 JLINK_CORESIGHT_ReadAPDPReg(AP reg 0x03)
T1DAC 000:652.666   Value=0x00000002
T1DAC 000:652.676 - 0.365ms returns 0
T1DAC 000:652.684 JLINK_CORESIGHT_ReadAPDPReg(AP reg 0x03)
T1DAC 000:652.993   Value=0x00000000
T1DAC 000:653.003 - 0.319ms returns 0
T1DAC 000:653.011 JLINK_CORESIGHT_WriteAPDPReg(AP reg 0x00, 0x80000002)
T1DAC 000:653.211 - 0.200ms returns 0
T1DAC 000:653.220 JLINK_CORESIGHT_WriteAPDPReg(AP reg 0x01, 0x80011130)
T1DAC 000:653.507 - 0.287ms returns 0
T1DAC 000:653.515 JLINK_CORESIGHT_ReadAPDPReg(AP reg 0x03)
T1DAC 000:653.779   Value=0x2C020081
T1DAC 000:653.789 - 0.273ms returns 0
T1DAC 000:653.797 JLINK_CORESIGHT_WriteAPDPReg(AP reg 0x00, 0x80000002)
T1DAC 000:654.065 - 0.268ms returns 0
T1DAC 000:654.074 JLINK_CORESIGHT_WriteAPDPReg(AP reg 0x01, 0x80011140)
T1DAC 000:654.303 - 0.229ms returns 0
T1DAC 000:654.312 JLINK_CORESIGHT_ReadAPDPReg(AP reg 0x03)
T1DAC 000:654.678   Value=0x00000000
T1DAC 000:654.688 - 0.375ms returns 0
T1DAC 000:654.695 JLINK_CORESIGHT_WriteAPDPReg(AP reg 0x00, 0x80000002)
T1DAC 000:654.959 - 0.263ms returns 0
T1DAC 000:654.968 JLINK_CORESIGHT_WriteAPDPReg(AP reg 0x01, 0x80011130)
T1DAC 000:655.168 - 0.200ms returns 0
T1DAC 000:655.177 JLINK_CORESIGHT_ReadAPDPReg(AP reg 0x03)
T1DAC 000:655.517   Value=0x0003CE04
T1DAC 000:655.527 - 0.350ms returns 0
T1DAC 000:655.536 JLINK_CORESIGHT_WriteAPDPReg(AP reg 0x00, 0x80000002)
T1DAC 000:655.790 - 0.253ms returns 0
T1DAC 000:655.801 JLINK_CORESIGHT_WriteAPDPReg(AP reg 0x01, 0x80011140)
T1DAC 000:656.031 - 0.229ms returns 0
T1DAC 000:656.039 JLINK_CORESIGHT_ReadAPDPReg(AP reg 0x03)
T1DAC 000:656.313   Value=0x00000002
T1DAC 000:656.323 - 0.283ms returns 0
T1DAC 000:656.331 JLINK_CORESIGHT_WriteAPDPReg(AP reg 0x00, 0x80000002)
T1DAC 000:656.849 - 0.518ms returns 0
T1DAC 000:656.873 JLINK_CORESIGHT_WriteAPDPReg(AP reg 0x01, 0x80011120)
T1DAC 000:657.126 - 0.253ms returns 0
T1DAC 000:657.140 JLINK_CORESIGHT_WriteAPDPReg(AP reg 0x03, 0x73010001)
T1DAC 000:657.351 - 0.211ms returns 0
T1DAC 000:657.361 JLINK_CORESIGHT_WriteAPDPReg(AP reg 0x00, 0x80000002)
T1DAC 000:657.685 - 0.324ms returns 0
T1DAC 000:657.696 JLINK_CORESIGHT_WriteAPDPReg(AP reg 0x01, 0x80011140)
T1DAC 000:657.904 - 0.207ms returns 0
T1DAC 000:657.914 JLINK_CORESIGHT_ReadAPDPReg(AP reg 0x03)
T1DAC 000:658.213   Value=0x00000002
T1DAC 000:658.227 - 0.313ms returns 0
T1DAC 000:658.236 JLINK_CORESIGHT_WriteAPDPReg(AP reg 0x00, 0x80000002)
T1DAC 000:658.673 - 0.437ms returns 0
T1DAC 000:658.685 JLINK_CORESIGHT_WriteAPDPReg(AP reg 0x01, 0x80011120)
T1DAC 000:658.946 - 0.261ms returns 0
T1DAC 000:658.955 JLINK_CORESIGHT_WriteAPDPReg(AP reg 0x03, 0x0000038C)
T1DAC 000:659.223 - 0.267ms returns 0
T1DAC 000:659.234 JLINK_CORESIGHT_WriteAPDPReg(AP reg 0x00, 0x80000002)
T1DAC 000:659.701 - 0.466ms returns 0
T1DAC 000:659.711 JLINK_CORESIGHT_WriteAPDPReg(AP reg 0x01, 0x80011140)
T1DAC 000:659.914 - 0.202ms returns 0
T1DAC 000:659.924 JLINK_CORESIGHT_ReadAPDPReg(AP reg 0x03)
T1DAC 000:660.235   Value=0x00000000
T1DAC 000:660.246 - 0.322ms returns 0
T1DAC 000:660.254 JLINK_CORESIGHT_WriteAPDPReg(AP reg 0x00, 0x80000002)
T1DAC 000:660.506 - 0.251ms returns 0
T1DAC 000:660.515 JLINK_CORESIGHT_WriteAPDPReg(AP reg 0x01, 0x80011130)
T1DAC 000:660.734 - 0.218ms returns 0
T1DAC 000:660.743 JLINK_CORESIGHT_ReadAPDPReg(AP reg 0x03)
T1DAC 000:661.050   Value=0x73020081
T1DAC 000:661.061 - 0.317ms returns 0
T1DAC 000:661.068 JLINK_CORESIGHT_WriteAPDPReg(AP reg 0x00, 0x80000002)
T1DAC 000:661.293 - 0.224ms returns 0
T1DAC 000:661.305 JLINK_CORESIGHT_WriteAPDPReg(AP reg 0x01, 0x80011140)
T1DAC 000:661.706 - 0.401ms returns 0
T1DAC 000:661.716 JLINK_CORESIGHT_ReadAPDPReg(AP reg 0x03)
T1DAC 000:662.029   Value=0x00000000
T1DAC 000:662.040 - 0.324ms returns 0
T1DAC 000:662.048 JLINK_CORESIGHT_WriteAPDPReg(AP reg 0x00, 0x80000002)
T1DAC 000:662.246 - 0.197ms returns 0
T1DAC 000:662.254 JLINK_CORESIGHT_WriteAPDPReg(AP reg 0x01, 0x80011130)
T1DAC 000:662.507 - 0.253ms returns 0
T1DAC 000:662.516 JLINK_CORESIGHT_ReadAPDPReg(AP reg 0x03)
T1DAC 000:662.769   Value=0x00038902
T1DAC 000:662.779 - 0.263ms returns 0
T1DAC 000:662.789 JLINK_CORESIGHT_WriteAPDPReg(AP reg 0x00, 0x80000002)
T1DAC 000:663.058 - 0.269ms returns 0
T1DAC 000:663.067 JLINK_CORESIGHT_WriteAPDPReg(AP reg 0x01, 0x80011140)
T1DAC 000:663.312 - 0.245ms returns 0
T1DAC 000:663.322 JLINK_CORESIGHT_ReadAPDPReg(AP reg 0x03)
T1DAC 000:663.746   Value=0x00000002
T1DAC 000:663.757 - 0.434ms returns 0
T1DAC 000:663.764 JLINK_CORESIGHT_WriteAPDPReg(AP reg 0x00, 0x80000002)
T1DAC 000:663.974 - 0.209ms returns 0
T1DAC 000:663.982 JLINK_CORESIGHT_WriteAPDPReg(AP reg 0x01, 0x80011120)
T1DAC 000:664.245 - 0.262ms returns 0
T1DAC 000:664.254 JLINK_CORESIGHT_WriteAPDPReg(AP reg 0x03, 0x75010001)
T1DAC 000:666.525 - 2.269ms returns 0
T1DAC 000:666.552 JLINK_CORESIGHT_WriteAPDPReg(AP reg 0x00, 0x80000002)
T1DAC 000:666.872 - 0.319ms returns 0
T1DAC 000:666.881 JLINK_CORESIGHT_WriteAPDPReg(AP reg 0x01, 0x80011140)
T1DAC 000:667.081 - 0.200ms returns 0
T1DAC 000:667.090 JLINK_CORESIGHT_ReadAPDPReg(AP reg 0x03)
T1DAC 000:667.517   Value=0x00000002
T1DAC 000:667.560 - 0.470ms returns 0
T1DAC 000:667.567 JLINK_CORESIGHT_WriteAPDPReg(AP reg 0x00, 0x80000002)
T1DAC 000:667.888 - 0.320ms returns 0
T1DAC 000:667.896 JLINK_CORESIGHT_WriteAPDPReg(AP reg 0x01, 0x80011120)
T1DAC 000:668.098 - 0.202ms returns 0
T1DAC 000:668.106 JLINK_CORESIGHT_WriteAPDPReg(AP reg 0x03, 0x0000038A)
T1DAC 000:668.365 - 0.259ms returns 0
T1DAC 000:668.377 JLINK_CORESIGHT_WriteAPDPReg(AP reg 0x00, 0x80000002)
T1DAC 000:668.685 - 0.308ms returns 0
T1DAC 000:668.693 JLINK_CORESIGHT_WriteAPDPReg(AP reg 0x01, 0x80011140)
T1DAC 000:668.936 - 0.242ms returns 0
T1DAC 000:668.944 JLINK_CORESIGHT_ReadAPDPReg(AP reg 0x03)
T1DAC 000:669.255   Value=0x00000002
T1DAC 000:669.265 - 0.320ms returns 0
T1DAC 000:669.272 JLINK_CORESIGHT_ReadAPDPReg(AP reg 0x03)
T1DAC 000:669.521   Value=0x00000002
T1DAC 000:669.531 - 0.259ms returns 0
T1DAC 000:669.538 JLINK_CORESIGHT_ReadAPDPReg(AP reg 0x03)
T1DAC 000:669.847   Value=0x00000000
T1DAC 000:669.856 - 0.317ms returns 0
T1DAC 000:669.863 JLINK_CORESIGHT_WriteAPDPReg(AP reg 0x00, 0x80000002)
T1DAC 000:670.087 - 0.223ms returns 0
T1DAC 000:670.094 JLINK_CORESIGHT_WriteAPDPReg(AP reg 0x01, 0x80011130)
T1DAC 000:670.293 - 0.198ms returns 0
T1DAC 000:670.300 JLINK_CORESIGHT_ReadAPDPReg(AP reg 0x03)
T1DAC 000:670.706   Value=0x75020081
T1DAC 000:670.715 - 0.414ms returns 0
T1DAC 000:670.722 JLINK_CORESIGHT_WriteAPDPReg(AP reg 0x00, 0x80000002)
T1DAC 000:670.950 - 0.228ms returns 0
T1DAC 000:670.959 JLINK_CORESIGHT_WriteAPDPReg(AP reg 0x01, 0x80011140)
T1DAC 000:671.156 - 0.197ms returns 0
T1DAC 000:671.166 JLINK_CORESIGHT_ReadAPDPReg(AP reg 0x03)
T1DAC 000:671.505   Value=0x00000000
T1DAC 000:671.514 - 0.348ms returns 0
T1DAC 000:671.522 JLINK_CORESIGHT_WriteAPDPReg(AP reg 0x00, 0x80000002)
T1DAC 000:671.785 - 0.263ms returns 0
T1DAC 000:671.794 JLINK_CORESIGHT_WriteAPDPReg(AP reg 0x01, 0x80011130)
T1DAC 000:672.077 - 0.281ms returns 0
T1DAC 000:672.109 JLINK_CORESIGHT_ReadAPDPReg(AP reg 0x03)
T1DAC 000:672.374   Value=0x00038702
T1DAC 000:672.390 - 0.281ms returns 0
T1DAC 000:672.412 JLINK_CORESIGHT_WriteAPDPReg(AP reg 0x00, 0x80000002)
T1DAC 000:672.661 - 0.248ms returns 0
T1DAC 000:672.677 JLINK_CORESIGHT_WriteAPDPReg(AP reg 0x01, 0x80011140)
T1DAC 000:672.903 - 0.226ms returns 0
T1DAC 000:672.913 JLINK_CORESIGHT_ReadAPDPReg(AP reg 0x03)
T1DAC 000:673.166   Value=0x00000002
T1DAC 000:673.176 - 0.263ms returns 0
T1DAC 000:673.185 JLINK_CORESIGHT_WriteAPDPReg(AP reg 0x00, 0x80000002)
T1DAC 000:673.534 - 0.349ms returns 0
T1DAC 000:673.544 JLINK_CORESIGHT_WriteAPDPReg(AP reg 0x01, 0x80011120)
T1DAC 000:673.859 - 0.314ms returns 0
T1DAC 000:673.868 JLINK_CORESIGHT_WriteAPDPReg(AP reg 0x03, 0x4F010001)
T1DAC 000:674.099 - 0.231ms returns 0
T1DAC 000:674.109 JLINK_CORESIGHT_WriteAPDPReg(AP reg 0x00, 0x80000002)
T1DAC 000:674.366 - 0.256ms returns 0
T1DAC 000:674.376 JLINK_CORESIGHT_WriteAPDPReg(AP reg 0x01, 0x80011140)
T1DAC 000:674.683 - 0.307ms returns 0
T1DAC 000:674.695 JLINK_CORESIGHT_ReadAPDPReg(AP reg 0x03)
T1DAC 000:674.951   Value=0x00000002
T1DAC 000:674.966 - 0.270ms returns 0
T1DAC 000:674.976 JLINK_CORESIGHT_WriteAPDPReg(AP reg 0x00, 0x80000002)
T1DAC 000:675.236 - 0.260ms returns 0
T1DAC 000:675.248 JLINK_CORESIGHT_WriteAPDPReg(AP reg 0x01, 0x80011120)
T1DAC 000:675.520 - 0.272ms returns 0
T1DAC 000:675.532 JLINK_CORESIGHT_WriteAPDPReg(AP reg 0x03, 0x000003B0)
T1DAC 000:675.850 - 0.318ms returns 0
T1DAC 000:675.864 JLINK_CORESIGHT_WriteAPDPReg(AP reg 0x00, 0x80000002)
T1DAC 000:676.064 - 0.200ms returns 0
T1DAC 000:676.074 JLINK_CORESIGHT_WriteAPDPReg(AP reg 0x01, 0x80011140)
T1DAC 000:676.599 - 0.524ms returns 0
T1DAC 000:676.615 JLINK_CORESIGHT_ReadAPDPReg(AP reg 0x03)
T1DAC 000:677.050   Value=0x00000002
T1DAC 000:677.064 - 0.448ms returns 0
T1DAC 000:677.073 JLINK_CORESIGHT_ReadAPDPReg(AP reg 0x03)
T1DAC 000:677.412   Value=0x00000002
T1DAC 000:677.423 - 0.350ms returns 0
T1DAC 000:677.432 JLINK_CORESIGHT_ReadAPDPReg(AP reg 0x03)
T1DAC 000:677.682   Value=0x00000002
T1DAC 000:677.694 - 0.261ms returns 0
T1DAC 000:677.703 JLINK_CORESIGHT_ReadAPDPReg(AP reg 0x03)
T1DAC 000:677.952   Value=0x00000002
T1DAC 000:677.964 - 0.261ms returns 0
T1DAC 000:677.973 JLINK_CORESIGHT_ReadAPDPReg(AP reg 0x03)
T1DAC 000:678.245   Value=0x00000002
T1DAC 000:678.256 - 0.283ms returns 0
T1DAC 000:678.265 JLINK_CORESIGHT_ReadAPDPReg(AP reg 0x03)
T1DAC 000:678.690   Value=0x00000002
T1DAC 000:678.703 - 0.437ms returns 0
T1DAC 000:678.711 JLINK_CORESIGHT_ReadAPDPReg(AP reg 0x03)
T1DAC 000:679.055   Value=0x00000000
T1DAC 000:679.065 - 0.353ms returns 0
T1DAC 000:679.074 JLINK_CORESIGHT_WriteAPDPReg(AP reg 0x00, 0x80000002)
T1DAC 000:679.375 - 0.298ms returns 0
T1DAC 000:679.405 JLINK_CORESIGHT_WriteAPDPReg(AP reg 0x01, 0x80011130)
T1DAC 000:679.681 - 0.276ms returns 0
T1DAC 000:679.692 JLINK_CORESIGHT_ReadAPDPReg(AP reg 0x03)
T1DAC 000:680.011   Value=0x4F0B0081
T1DAC 000:680.025 - 0.332ms returns 0
T1DAC 000:680.034 JLINK_CORESIGHT_WriteAPDPReg(AP reg 0x00, 0x80000002)
T1DAC 000:680.237 - 0.203ms returns 0
T1DAC 000:680.247 JLINK_CORESIGHT_WriteAPDPReg(AP reg 0x01, 0x80011140)
T1DAC 000:680.522 - 0.274ms returns 0
T1DAC 000:680.534 JLINK_CORESIGHT_ReadAPDPReg(AP reg 0x03)
T1DAC 000:680.791   Value=0x00000000
T1DAC 000:680.802 - 0.267ms returns 0
T1DAC 000:680.811 JLINK_CORESIGHT_WriteAPDPReg(AP reg 0x00, 0x80000002)
T1DAC 000:681.017 - 0.205ms returns 0
T1DAC 000:681.027 JLINK_CORESIGHT_WriteAPDPReg(AP reg 0x01, 0x80011130)
T1DAC 000:681.238 - 0.210ms returns 0
T1DAC 000:681.248 JLINK_CORESIGHT_ReadAPDPReg(AP reg 0x03)
T1DAC 000:681.573   Value=0x40000000
T1DAC 000:681.584 - 0.336ms returns 0
T1DAC 000:681.594 JLINK_CORESIGHT_WriteAPDPReg(AP reg 0x00, 0x80000002)
T1DAC 000:681.794 - 0.200ms returns 0
T1DAC 000:681.805 JLINK_CORESIGHT_WriteAPDPReg(AP reg 0x01, 0x80011140)
T1DAC 000:682.013 - 0.208ms returns 0
T1DAC 000:682.023 JLINK_CORESIGHT_ReadAPDPReg(AP reg 0x03)
T1DAC 000:682.297   Value=0x00000000
T1DAC 000:682.310 - 0.287ms returns 0
T1DAC 000:682.319 JLINK_CORESIGHT_WriteAPDPReg(AP reg 0x00, 0x80000002)
T1DAC 000:682.639 - 0.319ms returns 0
T1DAC 000:682.649 JLINK_CORESIGHT_WriteAPDPReg(AP reg 0x01, 0x80011130)
T1DAC 000:682.942 - 0.293ms returns 0
T1DAC 000:682.980 JLINK_CORESIGHT_ReadAPDPReg(AP reg 0x03)
T1DAC 000:683.269   Value=0x00000000
T1DAC 000:683.305 - 0.324ms returns 0
T1DAC 000:683.314 JLINK_CORESIGHT_WriteAPDPReg(AP reg 0x00, 0x80000002)
T1DAC 000:683.719 - 0.405ms returns 0
T1DAC 000:683.729 JLINK_CORESIGHT_WriteAPDPReg(AP reg 0x01, 0x80011140)
T1DAC 000:684.066 - 0.336ms returns 0
T1DAC 000:684.075 JLINK_CORESIGHT_ReadAPDPReg(AP reg 0x03)
T1DAC 000:684.349   Value=0x00000000
T1DAC 000:684.359 - 0.283ms returns 0
T1DAC 000:684.369 JLINK_CORESIGHT_WriteAPDPReg(AP reg 0x00, 0x80000002)
T1DAC 000:684.661 - 0.292ms returns 0
T1DAC 000:684.670 JLINK_CORESIGHT_WriteAPDPReg(AP reg 0x01, 0x80011130)
T1DAC 000:684.882 - 0.211ms returns 0
T1DAC 000:684.891 JLINK_CORESIGHT_ReadAPDPReg(AP reg 0x03)
T1DAC 000:685.145   Value=0x03660000
T1DAC 000:685.155 - 0.263ms returns 0
T1DAC 000:685.518 JLINK_CORESIGHT_ReadAPDPReg(DP reg 0x01)
T1DAC 000:685.783   Value=0xF0000F40
T1DAC 000:685.793 - 0.275ms returns 0
T1DAC 000:685.801 JLINK_CORESIGHT_WriteAPDPReg(DP reg 0x01, 0xA0000F40)
T1DAC 000:686.031 - 0.230ms returns 0
T1DAC 000:686.040 JLINK_CORESIGHT_ReadAPDPReg(DP reg 0x01)
T1DAC 000:686.248   Value=0x00000F40
T1DAC 000:686.258 - 0.218ms returns 0
T1DAC 000:686.266 JLINK_ClrRESET()
T1DAC 000:686.636 - 0.370ms
T1DAC 000:794.553 JLINK_Close()
T1DAC 000:803.909 - 9.355ms
T1DAC 000:803.937   
T1DAC 000:803.943   Closed
